# JRE version: Java(TM) SE Runtime Environment (8.0_144-b01) (build 1.8.0_144-b01)
# Java VM: Java HotSpot(TM) 64-Bit Server VM (25.144-b01 mixed mode windows-amd64 compressed oops)
Heap:
 PSYoungGen      total 693760K, used 676138K [0x000000076bd00000, 0x0000000799880000, 0x00000007c0000000)
  eden space 672256K, 97% used [0x000000076bd00000,0x0000000793cbd558,0x0000000794d80000)
  from space 21504K, 97% used [0x0000000798380000,0x000000079980d560,0x0000000799880000)
  to   space 37376K, 0% used [0x0000000794f80000,0x0000000794f80000,0x0000000797400000)
 ParOldGen       total 258048K, used 60351K [0x00000006c3600000, 0x00000006d3200000, 0x000000076bd00000)
  object space 258048K, 23% used [0x00000006c3600000,0x00000006c70efd68,0x00000006d3200000)
 Metaspace       used 74084K, capacity 77244K, committed 77528K, reserved 1118208K
  class space    used 9137K, capacity 9697K, committed 9728K, reserved 1048576K
GC Heap History (10 events):
Event: 6.682 GC heap before
{Heap before GC invocations=11 (full 2):
 PSYoungGen      total 464384K, used 460028K [0x000000076bd00000, 0x0000000789c80000, 0x00000007c0000000)
  eden space 442880K, 100% used [0x000000076bd00000,0x0000000786d80000,0x0000000786d80000)
  from space 21504K, 79% used [0x0000000788780000,0x000000078983f140,0x0000000789c80000)
  to   space 24064K, 0% used [0x0000000786d80000,0x0000000786d80000,0x0000000788500000)
 ParOldGen       total 174080K, used 29084K [0x00000006c3600000, 0x00000006ce000000, 0x000000076bd00000)
  object space 174080K, 16% used [0x00000006c3600000,0x00000006c5267038,0x00000006ce000000)
 Metaspace       used 45031K, capacity 46926K, committed 47232K, reserved 1089536K
  class space    used 6031K, capacity 6412K, committed 6528K, reserved 1048576K
Event: 6.693 GC heap after
Heap after GC invocations=11 (full 2):
 PSYoungGen      total 466944K, used 22561K [0x000000076bd00000, 0x0000000791a00000, 0x00000007c0000000)
  eden space 442880K, 0% used [0x000000076bd00000,0x000000076bd00000,0x0000000786d80000)
  from space 24064K, 93% used [0x0000000786d80000,0x0000000788388560,0x0000000788500000)
  to   space 26624K, 0% used [0x0000000790000000,0x0000000790000000,0x0000000791a00000)
 ParOldGen       total 174080K, used 29092K [0x00000006c3600000, 0x00000006ce000000, 0x000000076bd00000)
  object space 174080K, 16% used [0x00000006c3600000,0x00000006c5269038,0x00000006ce000000)
 Metaspace       used 45031K, capacity 46926K, committed 47232K, reserved 1089536K
  class space    used 6031K, capacity 6412K, committed 6528K, reserved 1048576K
}
Event: 9.003 GC heap before
{Heap before GC invocations=12 (full 2):
 PSYoungGen      total 466944K, used 465441K [0x000000076bd00000, 0x0000000791a00000, 0x00000007c0000000)
  eden space 442880K, 100% used [0x000000076bd00000,0x0000000786d80000,0x0000000786d80000)
  from space 24064K, 93% used [0x0000000786d80000,0x0000000788388560,0x0000000788500000)
  to   space 26624K, 0% used [0x0000000790000000,0x0000000790000000,0x0000000791a00000)
 ParOldGen       total 174080K, used 29092K [0x00000006c3600000, 0x00000006ce000000, 0x000000076bd00000)
  object space 174080K, 16% used [0x00000006c3600000,0x00000006c5269038,0x00000006ce000000)
 Metaspace       used 51790K, capacity 53942K, committed 54144K, reserved 1095680K
  class space    used 6594K, capacity 7030K, committed 7040K, reserved 1048576K
Event: 9.022 GC heap after
Heap after GC invocations=12 (full 2):
 PSYoungGen      total 583680K, used 26617K [0x000000076bd00000, 0x0000000792100000, 0x00000007c0000000)
  eden space 557056K, 0% used [0x000000076bd00000,0x000000076bd00000,0x000000078dd00000)
  from space 26624K, 99% used [0x0000000790000000,0x00000007919fe580,0x0000000791a00000)
  to   space 34816K, 0% used [0x000000078dd00000,0x000000078dd00000,0x000000078ff00000)
 ParOldGen       total 174080K, used 43197K [0x00000006c3600000, 0x00000006ce000000, 0x000000076bd00000)
  object space 174080K, 24% used [0x00000006c3600000,0x00000006c602f780,0x00000006ce000000)
 Metaspace       used 51790K, capacity 53942K, committed 54144K, reserved 1095680K
  class space    used 6594K, capacity 7030K, committed 7040K, reserved 1048576K
}
Event: 11.218 GC heap before
{Heap before GC invocations=13 (full 2):
 PSYoungGen      total 583680K, used 383143K [0x000000076bd00000, 0x0000000792100000, 0x00000007c0000000)
  eden space 557056K, 64% used [0x000000076bd00000,0x000000078192b7f0,0x000000078dd00000)
  from space 26624K, 99% used [0x0000000790000000,0x00000007919fe580,0x0000000791a00000)
  to   space 34816K, 0% used [0x000000078dd00000,0x000000078dd00000,0x000000078ff00000)
 ParOldGen       total 174080K, used 43197K [0x00000006c3600000, 0x00000006ce000000, 0x000000076bd00000)
  object space 174080K, 24% used [0x00000006c3600000,0x00000006c602f780,0x00000006ce000000)
 Metaspace       used 56602K, capacity 58974K, committed 59096K, reserved 1101824K
  class space    used 6894K, capacity 7366K, committed 7424K, reserved 1048576K
Event: 11.234 GC heap after
Heap after GC invocations=13 (full 2):
 PSYoungGen      total 591872K, used 33781K [0x000000076bd00000, 0x000000079a980000, 0x00000007c0000000)
  eden space 557056K, 0% used [0x000000076bd00000,0x000000076bd00000,0x000000078dd00000)
  from space 34816K, 97% used [0x000000078dd00000,0x000000078fdfd570,0x000000078ff00000)
  to   space 38912K, 0% used [0x0000000798380000,0x0000000798380000,0x000000079a980000)
 ParOldGen       total 174080K, used 43205K [0x00000006c3600000, 0x00000006ce000000, 0x000000076bd00000)
  object space 174080K, 24% used [0x00000006c3600000,0x00000006c6031780,0x00000006ce000000)
 Metaspace       used 56602K, capacity 58974K, committed 59096K, reserved 1101824K
  class space    used 6894K, capacity 7366K, committed 7424K, reserved 1048576K
}
Event: 11.234 GC heap before
{Heap before GC invocations=14 (full 3):
 PSYoungGen      total 591872K, used 33781K [0x000000076bd00000, 0x000000079a980000, 0x00000007c0000000)
  eden space 557056K, 0% used [0x000000076bd00000,0x000000076bd00000,0x000000078dd00000)
  from space 34816K, 97% used [0x000000078dd00000,0x000000078fdfd570,0x000000078ff00000)
  to   space 38912K, 0% used [0x0000000798380000,0x0000000798380000,0x000000079a980000)
 ParOldGen       total 174080K, used 43205K [0x00000006c3600000, 0x00000006ce000000, 0x000000076bd00000)
  object space 174080K, 24% used [0x00000006c3600000,0x00000006c6031780,0x00000006ce000000)
 Metaspace       used 56602K, capacity 58974K, committed 59096K, reserved 1101824K
  class space    used 6894K, capacity 7366K, committed 7424K, reserved 1048576K
Event: 11.379 GC heap after
Heap after GC invocations=14 (full 3):
 PSYoungGen      total 591872K, used 0K [0x000000076bd00000, 0x000000079a980000, 0x00000007c0000000)
  eden space 557056K, 0% used [0x000000076bd00000,0x000000076bd00000,0x000000078dd00000)
  from space 34816K, 0% used [0x000000078dd00000,0x000000078dd00000,0x000000078ff00000)
  to   space 38912K, 0% used [0x0000000798380000,0x0000000798380000,0x000000079a980000)
 ParOldGen       total 258048K, used 60343K [0x00000006c3600000, 0x00000006d3200000, 0x000000076bd00000)
  object space 258048K, 23% used [0x00000006c3600000,0x00000006c70edd68,0x00000006d3200000)
 Metaspace       used 56174K, capacity 58290K, committed 59096K, reserved 1101824K
  class space    used 6831K, capacity 7252K, committed 7424K, reserved 1048576K
}
Event: 16.311 GC heap before
{Heap before GC invocations=15 (full 3):
 PSYoungGen      total 591872K, used 557056K [0x000000076bd00000, 0x000000079a980000, 0x00000007c0000000)
  eden space 557056K, 100% used [0x000000076bd00000,0x000000078dd00000,0x000000078dd00000)
  from space 34816K, 0% used [0x000000078dd00000,0x000000078dd00000,0x000000078ff00000)
  to   space 38912K, 0% used [0x0000000798380000,0x0000000798380000,0x000000079a980000)
 ParOldGen       total 258048K, used 60343K [0x00000006c3600000, 0x00000006d3200000, 0x000000076bd00000)
  object space 258048K, 23% used [0x00000006c3600000,0x00000006c70edd68,0x00000006d3200000)
 Metaspace       used 65402K, capacity 68256K, committed 68312K, reserved 1110016K
  class space    used 8125K, capacity 8674K, committed 8704K, reserved 1048576K
Event: 16.325 GC heap after
Heap after GC invocations=15 (full 3):
 PSYoungGen      total 693760K, used 21045K [0x000000076bd00000, 0x0000000799880000, 0x00000007c0000000)
  eden space 672256K, 0% used [0x000000076bd00000,0x000000076bd00000,0x0000000794d80000)
  from space 21504K, 97% used [0x0000000798380000,0x000000079980d560,0x0000000799880000)
  to   space 37376K, 0% used [0x0000000794f80000,0x0000000794f80000,0x0000000797400000)
 ParOldGen       total 258048K, used 60351K [0x00000006c3600000, 0x00000006d3200000, 0x000000076bd00000)
  object space 258048K, 23% used [0x00000006c3600000,0x00000006c70efd68,0x00000006d3200000)
 Metaspace       used 65402K, capacity 68256K, committed 68312K, reserved 1110016K
  class space    used 8125K, capacity 8674K, committed 8704K, reserved 1048576K
}

